<?xml version="1.0" encoding="UTF-8"?>
<!-- Generated by org.testng.reporters.JUnitReportReporter -->
<testsuite skipped="0" hostname="sairam-PC" name="TestNG.addressbook" tests="1" failures="0" timestamp="22 Dec 2018 04:38:01 GMT" time="10.784" errors="0">
  <testcase name="addressbook" time="10.784" classname="TestNG.addressbook"/>
</testsuite> <!-- TestNG.addressbook -->
